[ 2024-08-04 00:36:44,243  107 dagshub - INFO - Accessing as sanket-profile]
[ 2024-08-04 00:36:44,947  107 dagshub - INFO - Initialized MLflow to track repo "sanket-profile/consumerComplaint"]
[ 2024-08-04 00:36:44,948  107 dagshub - INFO - Repository sanket-profile/consumerComplaint initialized!]
[ 2024-08-04 00:36:48,761  26 COMPONENTS - INFO - Starting Data Ingestion]
[ 2024-08-04 00:37:16,010  30 COMPONENTS - INFO - Data Ingestion completed]
[ 2024-08-04 00:37:16,012  45 COMPONENTS - INFO - Starting data transformation]
[ 2024-08-04 00:37:16,012  46 COMPONENTS - INFO - Removing Unwanted Columns]
[ 2024-08-04 00:37:16,675  50 COMPONENTS - INFO - Removed Unwanted Columns]
[ 2024-08-04 00:37:16,675  51 COMPONENTS - INFO - Changing Product name where Other financial service was not needed to the real Product that should be there]
[ 2024-08-04 00:37:17,725  62 COMPONENTS - INFO - Changed Product name where Other financial service was not needed to the real Product that should be there]
[ 2024-08-04 00:37:17,725  63 COMPONENTS - INFO - Merging similar products to simplify target variable]
[ 2024-08-04 00:37:22,295  72 COMPONENTS - INFO - Merged similar products to simplify target variable]
[ 2024-08-04 00:37:22,296  73 COMPONENTS - INFO - Changing the subProduct value from I do not know to -> Debt Collection so that it could be usefull for the customer complaint column]
[ 2024-08-04 00:37:22,944  77 COMPONENTS - INFO - Changed the subProduct value from I do not know to -> Debt Collection]
[ 2024-08-04 00:37:22,944  78 COMPONENTS - INFO - Replacing all NaN values with the empty strings so that we can combine all the columns into one]
[ 2024-08-04 00:37:24,435  85 COMPONENTS - INFO - Replaced all NaN values with the empty strings]
[ 2024-08-04 00:37:24,435  86 COMPONENTS - INFO - Combining all the columns to form single input column]
[ 2024-08-04 00:37:47,179  90 COMPONENTS - INFO - Combined all the columns to form single input column]
[ 2024-08-04 00:37:47,183  91 COMPONENTS - INFO - Removing for duplicate rows]
[ 2024-08-04 00:39:07,915  95 COMPONENTS - INFO - Removed for duplicate rows]
[ 2024-08-04 00:39:07,923  96 COMPONENTS - INFO - Downsampling the train data,since it has imbalance in classes. Also creating train test split]
[ 2024-08-04 00:39:20,675  121 COMPONENTS - INFO - Downsampled the train data. Also created train test split]
[ 2024-08-04 00:39:20,679  122 COMPONENTS - INFO - Downsampling the test data,since it has imbalance in classes.]
[ 2024-08-04 00:39:21,332  141 COMPONENTS - INFO - Downsampled the test data,since it has imbalance in classes.]
[ 2024-08-04 00:39:21,332  142 COMPONENTS - INFO - Preprocessing the train and text data]
