[ 2024-08-04 00:31:03,663  107 dagshub - INFO - Accessing as sanket-profile]
[ 2024-08-04 00:31:04,150  107 dagshub - INFO - Initialized MLflow to track repo "sanket-profile/consumerComplaint"]
[ 2024-08-04 00:31:04,151  107 dagshub - INFO - Repository sanket-profile/consumerComplaint initialized!]
[ 2024-08-04 00:31:08,157  26 COMPONENTS - INFO - Starting Data Ingestion]
[ 2024-08-04 00:31:34,440  30 COMPONENTS - INFO - Data Ingestion completed]
[ 2024-08-04 00:31:34,442  45 COMPONENTS - INFO - Starting data transformation]
[ 2024-08-04 00:31:34,442  46 COMPONENTS - INFO - Removing Unwanted Columns]
[ 2024-08-04 00:31:35,070  50 COMPONENTS - INFO - Removed Unwanted Columns]
[ 2024-08-04 00:31:35,070  51 COMPONENTS - INFO - Changing Product name where Other financial service was not needed to the real Product that should be there]
[ 2024-08-04 00:31:36,125  62 COMPONENTS - INFO - Changed Product name where Other financial service was not needed to the real Product that should be there]
[ 2024-08-04 00:31:36,125  63 COMPONENTS - INFO - Merging similar products to simplify target variable]
[ 2024-08-04 00:31:40,628  72 COMPONENTS - INFO - Merged similar products to simplify target variable]
[ 2024-08-04 00:31:40,628  73 COMPONENTS - INFO - Changing the subProduct value from I do not know to -> Debt Collection so that it could be usefull for the customer complaint column]
[ 2024-08-04 00:31:41,283  77 COMPONENTS - INFO - Changed the subProduct value from I do not know to -> Debt Collection]
[ 2024-08-04 00:31:41,283  78 COMPONENTS - INFO - Replacing all NaN values with the empty strings so that we can combine all the columns into one]
[ 2024-08-04 00:31:42,588  85 COMPONENTS - INFO - Replaced all NaN values with the empty strings]
[ 2024-08-04 00:31:42,589  86 COMPONENTS - INFO - Combining all the columns to form single input column]
[ 2024-08-04 00:32:04,327  90 COMPONENTS - INFO - Combined all the columns to form single input column]
[ 2024-08-04 00:32:04,329  91 COMPONENTS - INFO - Removing for duplicate rows]
[ 2024-08-04 00:33:18,064  95 COMPONENTS - INFO - Removed for duplicate rows]
[ 2024-08-04 00:33:18,079  96 COMPONENTS - INFO - Downsampling the train data,since it has imbalance in classes. Also creating train test split]
[ 2024-08-04 00:33:23,316  121 COMPONENTS - INFO - Downsampled the train data. Also created train test split]
[ 2024-08-04 00:33:23,316  122 COMPONENTS - INFO - Downsampling the test data,since it has imbalance in classes.]
[ 2024-08-04 00:33:24,753  141 COMPONENTS - INFO - Downsampled the test data,since it has imbalance in classes.]
[ 2024-08-04 00:33:24,754  142 COMPONENTS - INFO - Preprocessing the train and text data]
[ 2024-08-04 00:33:28,239  147 COMPONENTS - INFO - Tokenizing the downsampled X_train and X_test]
