[ 2024-08-04 00:43:39,816  107 dagshub - INFO - Accessing as sanket-profile]
[ 2024-08-04 00:43:40,260  107 dagshub - INFO - Initialized MLflow to track repo "sanket-profile/consumerComplaint"]
[ 2024-08-04 00:43:40,261  107 dagshub - INFO - Repository sanket-profile/consumerComplaint initialized!]
[ 2024-08-04 00:43:44,082  26 COMPONENTS - INFO - Starting Data Ingestion]
[ 2024-08-04 00:44:09,100  30 COMPONENTS - INFO - Data Ingestion completed]
[ 2024-08-04 00:44:09,103  45 COMPONENTS - INFO - Starting data transformation]
[ 2024-08-04 00:44:09,103  46 COMPONENTS - INFO - Removing Unwanted Columns]
[ 2024-08-04 00:44:09,752  50 COMPONENTS - INFO - Removed Unwanted Columns]
[ 2024-08-04 00:44:09,752  51 COMPONENTS - INFO - Changing Product name where Other financial service was not needed to the real Product that should be there]
[ 2024-08-04 00:44:10,802  62 COMPONENTS - INFO - Changed Product name where Other financial service was not needed to the real Product that should be there]
[ 2024-08-04 00:44:10,802  63 COMPONENTS - INFO - Merging similar products to simplify target variable]
[ 2024-08-04 00:44:15,255  72 COMPONENTS - INFO - Merged similar products to simplify target variable]
[ 2024-08-04 00:44:15,255  73 COMPONENTS - INFO - Changing the subProduct value from I do not know to -> Debt Collection so that it could be usefull for the customer complaint column]
[ 2024-08-04 00:44:15,901  77 COMPONENTS - INFO - Changed the subProduct value from I do not know to -> Debt Collection]
[ 2024-08-04 00:44:15,901  78 COMPONENTS - INFO - Replacing all NaN values with the empty strings so that we can combine all the columns into one]
[ 2024-08-04 00:44:16,932  85 COMPONENTS - INFO - Replaced all NaN values with the empty strings]
[ 2024-08-04 00:44:16,932  86 COMPONENTS - INFO - Combining all the columns to form single input column]
[ 2024-08-04 00:44:37,971  90 COMPONENTS - INFO - Combined all the columns to form single input column]
[ 2024-08-04 00:44:37,973  91 COMPONENTS - INFO - Removing for duplicate rows]
[ 2024-08-04 00:45:49,435  95 COMPONENTS - INFO - Removed for duplicate rows]
[ 2024-08-04 00:45:49,448  96 COMPONENTS - INFO - Downsampling the train data,since it has imbalance in classes. Also creating train test split]
[ 2024-08-04 00:46:38,185  120 COMPONENTS - INFO - Downsampled the train data. Also created train test split]
[ 2024-08-04 00:46:38,189  121 COMPONENTS - INFO - Downsampling the test data,since it has imbalance in classes.]
[ 2024-08-04 00:46:38,863  139 COMPONENTS - INFO - Downsampled the test data,since it has imbalance in classes.]
[ 2024-08-04 00:46:38,863  140 COMPONENTS - INFO - Preprocessing the train and text data]
