[ 2024-08-03 03:55:10,758  107 dagshub - INFO - Accessing as sanket-profile]
[ 2024-08-03 03:55:11,241  107 dagshub - INFO - Initialized MLflow to track repo "sanket-profile/consumerComplaint"]
[ 2024-08-03 03:55:11,241  107 dagshub - INFO - Repository sanket-profile/consumerComplaint initialized!]
[ 2024-08-03 03:55:15,293  43 COMPONENTS - INFO - Starting the training process]
[ 2024-08-03 03:55:15,294  44 COMPONENTS - INFO - Loading and training Logistic Regression and RandomForestClassifier]
[ 2024-08-03 03:55:15,294  51 COMPONENTS - INFO - I am here]
[ 2024-08-03 03:55:15,294  54 COMPONENTS - INFO - I am here]
[ 2024-08-03 03:55:25,698  71 COMPONENTS - INFO - Model: RandomForestClassifier]
[ 2024-08-03 03:55:25,716  73 COMPONENTS - INFO - Classification Report:]
[ 2024-08-03 03:55:25,872  74 COMPONENTS - INFO -               precision    recall  f1-score   support

           0       0.79      0.26      0.39     22970
           1       0.22      1.00      0.35     32302
           2       0.82      0.17      0.29     30676
           3       0.70      0.17      0.27     49621
           4       0.00      0.00      0.00      8447
           5       0.97      0.56      0.71     23775
           6       0.00      0.00      0.00        26
           7       0.00      0.00      0.00      6531
           8       0.98      0.05      0.10      8807
           9       0.00      0.00      0.00      6265

    accuracy                           0.35    189420
   macro avg       0.45      0.22      0.21    189420
weighted avg       0.62      0.35      0.32    189420
]
[ 2024-08-03 03:55:25,873  76 COMPONENTS - INFO - Saving RandomForestClassifier into pickle file in Artifacts Folder]
[ 2024-08-03 03:55:25,875  86 COMPONENTS - INFO - Saved RandomForestClassifier model into pickle file]
