[ 2024-08-03 15:32:19,169  107 dagshub - INFO - Accessing as sanket-profile]
[ 2024-08-03 15:32:19,709  107 dagshub - INFO - Initialized MLflow to track repo "sanket-profile/consumerComplaint"]
[ 2024-08-03 15:32:19,709  107 dagshub - INFO - Repository sanket-profile/consumerComplaint initialized!]
[ 2024-08-03 15:32:19,780  25 COMPONENTS - INFO - Initiating prediction]
[ 2024-08-03 15:32:19,780  26 COMPONENTS - INFO - Preprocessing the input text]
[ 2024-08-03 15:32:19,780  30 COMPONENTS - INFO - Preprocessed the input text]
[ 2024-08-03 15:32:19,780  31 COMPONENTS - INFO - Loading the tfidf vectorizer and model]
[ 2024-08-03 15:32:19,806  42 COMPONENTS - INFO - Loaded the tfidf vectorizer and model]
[ 2024-08-03 15:32:19,806  43 COMPONENTS - INFO - Applying the tfidf vectorizer on out input text]
[ 2024-08-03 15:32:19,809  47 COMPONENTS - INFO - Applyied the tfidf vectorizer on out input text]
[ 2024-08-03 15:32:19,809  48 COMPONENTS - INFO - Initiating model and making it ready for prediction]
[ 2024-08-03 15:32:19,810  53 COMPONENTS - INFO - prediction Completed. prediction is ['Credit Reporting/Repair Services/Consumer Reports']]
[ 2024-08-03 15:32:32,685  107 dagshub - INFO - Accessing as sanket-profile]
[ 2024-08-03 15:32:33,115  107 dagshub - INFO - Initialized MLflow to track repo "sanket-profile/consumerComplaint"]
[ 2024-08-03 15:32:33,116  107 dagshub - INFO - Repository sanket-profile/consumerComplaint initialized!]
[ 2024-08-03 15:32:33,212  25 COMPONENTS - INFO - Initiating prediction]
[ 2024-08-03 15:32:33,212  26 COMPONENTS - INFO - Preprocessing the input text]
[ 2024-08-03 15:32:33,212  30 COMPONENTS - INFO - Preprocessed the input text]
[ 2024-08-03 15:32:33,212  31 COMPONENTS - INFO - Loading the tfidf vectorizer and model]
[ 2024-08-03 15:32:33,236  42 COMPONENTS - INFO - Loaded the tfidf vectorizer and model]
[ 2024-08-03 15:32:33,236  43 COMPONENTS - INFO - Applying the tfidf vectorizer on out input text]
[ 2024-08-03 15:32:33,240  47 COMPONENTS - INFO - Applyied the tfidf vectorizer on out input text]
[ 2024-08-03 15:32:33,240  48 COMPONENTS - INFO - Initiating model and making it ready for prediction]
[ 2024-08-03 15:32:33,243  53 COMPONENTS - INFO - prediction Completed. prediction is ['Credit Reporting/Repair Services/Consumer Reports']]
