[ 2024-08-03 16:02:49,213  107 dagshub - INFO - Accessing as sanket-profile]
[ 2024-08-03 16:02:49,750  107 dagshub - INFO - Initialized MLflow to track repo "sanket-profile/consumerComplaint"]
[ 2024-08-03 16:02:49,751  107 dagshub - INFO - Repository sanket-profile/consumerComplaint initialized!]
[ 2024-08-03 16:02:49,819  25 COMPONENTS - INFO - Starting Data Ingestion]
[ 2024-08-03 16:03:15,904  29 COMPONENTS - INFO - Data Ingestion completed]
[ 2024-08-03 16:03:15,906  44 COMPONENTS - INFO - Starting data transformation]
[ 2024-08-03 16:03:15,906  45 COMPONENTS - INFO - Removing Unwanted Columns]
[ 2024-08-03 16:03:16,617  49 COMPONENTS - INFO - Removed Unwanted Columns]
[ 2024-08-03 16:03:16,617  50 COMPONENTS - INFO - Changing Product name where Other financial service was not needed to the real Product that should be there]
[ 2024-08-03 16:03:17,625  61 COMPONENTS - INFO - Changed Product name where Other financial service was not needed to the real Product that should be there]
[ 2024-08-03 16:03:17,626  62 COMPONENTS - INFO - Merging similar products to simplify target variable]
[ 2024-08-03 16:03:22,587  71 COMPONENTS - INFO - Merged similar products to simplify target variable]
[ 2024-08-03 16:03:22,587  72 COMPONENTS - INFO - Changing the subProduct value from I do not know to -> Debt Collection so that it could be usefull for the customer complaint column]
[ 2024-08-03 16:03:23,311  76 COMPONENTS - INFO - Changed the subProduct value from I do not know to -> Debt Collection]
[ 2024-08-03 16:03:23,312  77 COMPONENTS - INFO - Replacing all NaN values with the empty strings so that we can combine all the columns into one]
[ 2024-08-03 16:03:24,685  84 COMPONENTS - INFO - Replaced all NaN values with the empty strings]
[ 2024-08-03 16:03:24,685  85 COMPONENTS - INFO - Combining all the columns to form single input column]
[ 2024-08-03 16:03:49,371  89 COMPONENTS - INFO - Combined all the columns to form single input column]
[ 2024-08-03 16:03:49,374  90 COMPONENTS - INFO - Removing for duplicate rows]
[ 2024-08-03 16:04:56,552  94 COMPONENTS - INFO - Removed for duplicate rows]
[ 2024-08-03 16:04:56,558  95 COMPONENTS - INFO - Downsampling the train data,since it has imbalance in classes. Also creating train test split]
[ 2024-08-03 16:05:11,427  120 COMPONENTS - INFO - Downsampled the train data. Also created train test split]
[ 2024-08-03 16:05:11,429  121 COMPONENTS - INFO - Downsampling the test data,since it has imbalance in classes.]
[ 2024-08-03 16:05:12,062  140 COMPONENTS - INFO - Downsampled the test data,since it has imbalance in classes.]
[ 2024-08-03 16:05:12,063  141 COMPONENTS - INFO - Preprocessing the train and text data]
[ 2024-08-03 16:06:37,219  165 COMPONENTS - INFO - Converted text data into numerical vector representation using TF-IDF]
[ 2024-08-03 16:06:37,233  166 COMPONENTS - INFO - Converting ylabels to classes using LabelEncoder]
[ 2024-08-03 16:06:37,357  172 COMPONENTS - INFO - Converted ylabels to classes using LabelEncoder]
[ 2024-08-03 16:06:37,357  173 COMPONENTS - INFO - Data Transformation Finished]
[ 2024-08-03 16:06:37,357  174 COMPONENTS - INFO - Saving the transformed X_train,X_test,y_train and y_test into Artifact Folder]
[ 2024-08-03 16:07:09,731  188 COMPONENTS - INFO - Saved the transformed X_train,X_test,y_train and y_test into Artifact Folder]
[ 2024-08-03 16:07:43,943  45 COMPONENTS - INFO - Starting the training process]
[ 2024-08-03 16:07:43,945  46 COMPONENTS - INFO - Loading and training Logistic Regression and RandomForestClassifier]
[ 2024-08-03 16:08:00,378  70 COMPONENTS - INFO - Model: RandomForestClassifier]
[ 2024-08-03 16:08:00,378  71 COMPONENTS - INFO - Accuracy:
0.3454967796431211]
[ 2024-08-03 16:08:00,379  72 COMPONENTS - INFO - Classification Report:
              precision    recall  f1-score   support

           0       0.79      0.26      0.39     22970
           1       0.22      1.00      0.35     32302
           2       0.82      0.17      0.29     30676
           3       0.70      0.17      0.27     49621
           4       0.00      0.00      0.00      8447
           5       0.97      0.56      0.71     23775
           6       0.00      0.00      0.00        26
           7       0.00      0.00      0.00      6531
           8       0.98      0.05      0.10      8807
           9       0.00      0.00      0.00      6265

    accuracy                           0.35    189420
   macro avg       0.45      0.22      0.21    189420
weighted avg       0.62      0.35      0.32    189420
]
[ 2024-08-03 16:08:00,379  74 COMPONENTS - INFO - Saving RandomForestClassifier into pickle file in Artifacts Folder]
[ 2024-08-03 16:08:00,381  84 COMPONENTS - INFO - Saved RandomForestClassifier model into pickle file]
[ 2024-08-03 16:08:59,127  70 COMPONENTS - INFO - Model: LogisticRegression]
[ 2024-08-03 16:08:59,127  71 COMPONENTS - INFO - Accuracy:
0.9826259106746912]
[ 2024-08-03 16:08:59,127  72 COMPONENTS - INFO - Classification Report:
              precision    recall  f1-score   support

           0       0.99      0.99      0.99     22970
           1       0.97      0.99      0.98     32302
           2       0.99      0.98      0.99     30676
           3       0.99      0.99      0.99     49621
           4       0.98      0.97      0.98      8447
           5       0.99      0.99      0.99     23775
           6       0.00      0.00      0.00        26
           7       0.94      0.89      0.92      6531
           8       0.99      0.99      0.99      8807
           9       0.93      0.91      0.92      6265

    accuracy                           0.98    189420
   macro avg       0.88      0.87      0.87    189420
weighted avg       0.98      0.98      0.98    189420
]
[ 2024-08-03 16:08:59,127  74 COMPONENTS - INFO - Saving LogisticRegression into pickle file in Artifacts Folder]
[ 2024-08-03 16:08:59,131  84 COMPONENTS - INFO - Saved LogisticRegression model into pickle file]
[ 2024-08-03 16:08:59,929  25 COMPONENTS - INFO - Initiating prediction]
[ 2024-08-03 16:08:59,929  26 COMPONENTS - INFO - Preprocessing the input text]
[ 2024-08-03 16:08:59,930  30 COMPONENTS - INFO - Preprocessed the input text]
[ 2024-08-03 16:08:59,930  31 COMPONENTS - INFO - Loading the tfidf vectorizer and model]
