[ 2024-08-03 16:14:52,987  107 dagshub - INFO - Accessing as sanket-profile]
[ 2024-08-03 16:14:53,388  107 dagshub - INFO - Initialized MLflow to track repo "sanket-profile/consumerComplaint"]
[ 2024-08-03 16:14:53,388  107 dagshub - INFO - Repository sanket-profile/consumerComplaint initialized!]
[ 2024-08-03 16:14:53,431  25 COMPONENTS - INFO - Starting Data Ingestion]
[ 2024-08-03 16:15:24,923  29 COMPONENTS - INFO - Data Ingestion completed]
[ 2024-08-03 16:15:24,930  44 COMPONENTS - INFO - Starting data transformation]
[ 2024-08-03 16:15:24,930  45 COMPONENTS - INFO - Removing Unwanted Columns]
[ 2024-08-03 16:15:25,921  49 COMPONENTS - INFO - Removed Unwanted Columns]
[ 2024-08-03 16:15:25,921  50 COMPONENTS - INFO - Changing Product name where Other financial service was not needed to the real Product that should be there]
[ 2024-08-03 16:15:26,945  61 COMPONENTS - INFO - Changed Product name where Other financial service was not needed to the real Product that should be there]
[ 2024-08-03 16:15:26,945  62 COMPONENTS - INFO - Merging similar products to simplify target variable]
[ 2024-08-03 16:15:32,192  71 COMPONENTS - INFO - Merged similar products to simplify target variable]
[ 2024-08-03 16:15:32,193  72 COMPONENTS - INFO - Changing the subProduct value from I do not know to -> Debt Collection so that it could be usefull for the customer complaint column]
[ 2024-08-03 16:15:32,931  76 COMPONENTS - INFO - Changed the subProduct value from I do not know to -> Debt Collection]
[ 2024-08-03 16:15:32,931  77 COMPONENTS - INFO - Replacing all NaN values with the empty strings so that we can combine all the columns into one]
[ 2024-08-03 16:15:34,749  84 COMPONENTS - INFO - Replaced all NaN values with the empty strings]
[ 2024-08-03 16:15:34,749  85 COMPONENTS - INFO - Combining all the columns to form single input column]
[ 2024-08-03 16:16:29,393  89 COMPONENTS - INFO - Combined all the columns to form single input column]
[ 2024-08-03 16:16:29,403  90 COMPONENTS - INFO - Removing for duplicate rows]
[ 2024-08-03 16:18:20,732  94 COMPONENTS - INFO - Removed for duplicate rows]
[ 2024-08-03 16:18:20,745  95 COMPONENTS - INFO - Downsampling the train data,since it has imbalance in classes. Also creating train test split]
[ 2024-08-03 16:20:28,058  120 COMPONENTS - INFO - Downsampled the train data. Also created train test split]
[ 2024-08-03 16:20:28,065  121 COMPONENTS - INFO - Downsampling the test data,since it has imbalance in classes.]
[ 2024-08-03 16:20:28,872  140 COMPONENTS - INFO - Downsampled the test data,since it has imbalance in classes.]
[ 2024-08-03 16:20:28,872  141 COMPONENTS - INFO - Preprocessing the train and text data]
[ 2024-08-03 16:22:26,051  165 COMPONENTS - INFO - Converted text data into numerical vector representation using TF-IDF]
[ 2024-08-03 16:22:26,058  166 COMPONENTS - INFO - Converting ylabels to classes using LabelEncoder]
[ 2024-08-03 16:22:26,196  172 COMPONENTS - INFO - Converted ylabels to classes using LabelEncoder]
[ 2024-08-03 16:22:26,196  173 COMPONENTS - INFO - Data Transformation Finished]
[ 2024-08-03 16:22:26,196  174 COMPONENTS - INFO - Saving the transformed X_train,X_test,y_train and y_test into Artifact Folder]
[ 2024-08-03 16:23:01,397  188 COMPONENTS - INFO - Saved the transformed X_train,X_test,y_train and y_test into Artifact Folder]
[ 2024-08-03 16:26:29,921  45 COMPONENTS - INFO - Starting the training process]
[ 2024-08-03 16:26:29,922  46 COMPONENTS - INFO - Loading and training Logistic Regression and RandomForestClassifier]
[ 2024-08-03 16:26:51,208  70 COMPONENTS - INFO - Model: RandomForestClassifier]
[ 2024-08-03 16:26:51,209  71 COMPONENTS - INFO - Accuracy:
0.3454967796431211]
[ 2024-08-03 16:26:51,209  72 COMPONENTS - INFO - Classification Report:
              precision    recall  f1-score   support

           0       0.79      0.26      0.39     22970
           1       0.22      1.00      0.35     32302
           2       0.82      0.17      0.29     30676
           3       0.70      0.17      0.27     49621
           4       0.00      0.00      0.00      8447
           5       0.97      0.56      0.71     23775
           6       0.00      0.00      0.00        26
           7       0.00      0.00      0.00      6531
           8       0.98      0.05      0.10      8807
           9       0.00      0.00      0.00      6265

    accuracy                           0.35    189420
   macro avg       0.45      0.22      0.21    189420
weighted avg       0.62      0.35      0.32    189420
]
[ 2024-08-03 16:26:51,211  82 COMPONENTS - INFO - Saving RandomForestClassifier into pickle file in Artifacts Folder]
[ 2024-08-03 16:28:04,946  70 COMPONENTS - INFO - Model: LogisticRegression]
[ 2024-08-03 16:28:04,948  71 COMPONENTS - INFO - Accuracy:
0.9826259106746912]
[ 2024-08-03 16:28:04,948  72 COMPONENTS - INFO - Classification Report:
              precision    recall  f1-score   support

           0       0.99      0.99      0.99     22970
           1       0.97      0.99      0.98     32302
           2       0.99      0.98      0.99     30676
           3       0.99      0.99      0.99     49621
           4       0.98      0.97      0.98      8447
           5       0.99      0.99      0.99     23775
           6       0.00      0.00      0.00        26
           7       0.94      0.89      0.92      6531
           8       0.99      0.99      0.99      8807
           9       0.93      0.91      0.92      6265

    accuracy                           0.98    189420
   macro avg       0.88      0.87      0.87    189420
weighted avg       0.98      0.98      0.98    189420
]
[ 2024-08-03 16:28:04,955  82 COMPONENTS - INFO - Saving LogisticRegression into pickle file in Artifacts Folder]
[ 2024-08-03 16:28:05,757  25 COMPONENTS - INFO - Initiating prediction]
[ 2024-08-03 16:28:05,757  26 COMPONENTS - INFO - Preprocessing the input text]
[ 2024-08-03 16:28:05,758  30 COMPONENTS - INFO - Preprocessed the input text]
[ 2024-08-03 16:28:05,758  31 COMPONENTS - INFO - Loading the tfidf vectorizer and model]
