[ 2024-08-03 20:55:43,257  97 werkzeug - WARNING -  * Debugger is active!]
[ 2024-08-03 20:55:43,267  97 werkzeug - INFO -  * Debugger PIN: 675-676-195]
[ 2024-08-03 20:55:55,744  97 werkzeug - INFO - 127.0.0.1 - - [03/Aug/2024 20:55:55] "[32mGET / HTTP/1.1[0m" 302 -]
[ 2024-08-03 20:55:55,756  97 werkzeug - INFO - 127.0.0.1 - - [03/Aug/2024 20:55:55] "GET /predict HTTP/1.1" 200 -]
[ 2024-08-03 20:56:06,040  25 COMPONENTS - INFO - Initiating prediction]
[ 2024-08-03 20:56:06,041  26 COMPONENTS - INFO - Preprocessing the input text]
[ 2024-08-03 20:56:06,041  30 COMPONENTS - INFO - Preprocessed the input text]
[ 2024-08-03 20:56:06,041  31 COMPONENTS - INFO - Loading the tfidf vectorizer and model]
[ 2024-08-03 20:56:06,077  42 COMPONENTS - INFO - Loaded the tfidf vectorizer and model]
[ 2024-08-03 20:56:06,077  43 COMPONENTS - INFO - Applying the tfidf vectorizer on out input text]
[ 2024-08-03 20:56:06,089  47 COMPONENTS - INFO - Applyied the tfidf vectorizer on out input text]
[ 2024-08-03 20:56:06,089  48 COMPONENTS - INFO - Initiating model and making it ready for prediction]
[ 2024-08-03 20:56:06,091  53 COMPONENTS - INFO - prediction Completed. prediction is ['Credit/Prepaid Cards']]
[ 2024-08-03 20:56:06,096  97 werkzeug - INFO - 127.0.0.1 - - [03/Aug/2024 20:56:06] "POST /predict HTTP/1.1" 200 -]
[ 2024-08-03 20:56:25,239  25 COMPONENTS - INFO - Initiating prediction]
[ 2024-08-03 20:56:25,241  26 COMPONENTS - INFO - Preprocessing the input text]
[ 2024-08-03 20:56:25,242  30 COMPONENTS - INFO - Preprocessed the input text]
[ 2024-08-03 20:56:25,242  31 COMPONENTS - INFO - Loading the tfidf vectorizer and model]
[ 2024-08-03 20:56:25,285  42 COMPONENTS - INFO - Loaded the tfidf vectorizer and model]
[ 2024-08-03 20:56:25,285  43 COMPONENTS - INFO - Applying the tfidf vectorizer on out input text]
[ 2024-08-03 20:56:25,288  47 COMPONENTS - INFO - Applyied the tfidf vectorizer on out input text]
[ 2024-08-03 20:56:25,288  48 COMPONENTS - INFO - Initiating model and making it ready for prediction]
[ 2024-08-03 20:56:25,289  53 COMPONENTS - INFO - prediction Completed. prediction is ['Credit/Prepaid Cards']]
[ 2024-08-03 20:56:25,295  97 werkzeug - INFO - 127.0.0.1 - - [03/Aug/2024 20:56:25] "POST /predict HTTP/1.1" 200 -]
[ 2024-08-03 20:56:42,466  25 COMPONENTS - INFO - Initiating prediction]
[ 2024-08-03 20:56:42,466  26 COMPONENTS - INFO - Preprocessing the input text]
[ 2024-08-03 20:56:42,467  30 COMPONENTS - INFO - Preprocessed the input text]
[ 2024-08-03 20:56:42,467  31 COMPONENTS - INFO - Loading the tfidf vectorizer and model]
[ 2024-08-03 20:56:42,519  42 COMPONENTS - INFO - Loaded the tfidf vectorizer and model]
[ 2024-08-03 20:56:42,519  43 COMPONENTS - INFO - Applying the tfidf vectorizer on out input text]
[ 2024-08-03 20:56:42,521  47 COMPONENTS - INFO - Applyied the tfidf vectorizer on out input text]
[ 2024-08-03 20:56:42,521  48 COMPONENTS - INFO - Initiating model and making it ready for prediction]
[ 2024-08-03 20:56:42,523  53 COMPONENTS - INFO - prediction Completed. prediction is ['Credit/Prepaid Cards']]
[ 2024-08-03 20:56:42,529  97 werkzeug - INFO - 127.0.0.1 - - [03/Aug/2024 20:56:42] "POST /predict HTTP/1.1" 200 -]
[ 2024-08-03 20:57:19,238  25 COMPONENTS - INFO - Initiating prediction]
[ 2024-08-03 20:57:19,238  26 COMPONENTS - INFO - Preprocessing the input text]
[ 2024-08-03 20:57:19,238  30 COMPONENTS - INFO - Preprocessed the input text]
[ 2024-08-03 20:57:19,239  31 COMPONENTS - INFO - Loading the tfidf vectorizer and model]
[ 2024-08-03 20:57:19,284  42 COMPONENTS - INFO - Loaded the tfidf vectorizer and model]
[ 2024-08-03 20:57:19,284  43 COMPONENTS - INFO - Applying the tfidf vectorizer on out input text]
[ 2024-08-03 20:57:19,286  47 COMPONENTS - INFO - Applyied the tfidf vectorizer on out input text]
[ 2024-08-03 20:57:19,286  48 COMPONENTS - INFO - Initiating model and making it ready for prediction]
[ 2024-08-03 20:57:19,288  53 COMPONENTS - INFO - prediction Completed. prediction is ['Credit/Prepaid Cards']]
[ 2024-08-03 20:57:19,292  97 werkzeug - INFO - 127.0.0.1 - - [03/Aug/2024 20:57:19] "POST /predict HTTP/1.1" 200 -]
