[ 2024-08-03 20:58:19,568  97 werkzeug - INFO - [31m[1mWARNING: This is a development server. Do not use it in a production deployment. Use a production WSGI server instead.[0m
 * Running on http://127.0.0.1:5000]
[ 2024-08-03 20:58:19,568  97 werkzeug - INFO - [33mPress CTRL+C to quit[0m]
[ 2024-08-03 20:58:19,569  97 werkzeug - INFO -  * Restarting with stat]
[ 2024-08-03 20:58:20,518  97 werkzeug - WARNING -  * Debugger is active!]
[ 2024-08-03 20:58:20,526  97 werkzeug - INFO -  * Debugger PIN: 675-676-195]
[ 2024-08-03 20:58:22,920  25 COMPONENTS - INFO - Initiating prediction]
[ 2024-08-03 20:58:22,920  26 COMPONENTS - INFO - Preprocessing the input text]
[ 2024-08-03 20:58:22,920  30 COMPONENTS - INFO - Preprocessed the input text]
[ 2024-08-03 20:58:22,921  31 COMPONENTS - INFO - Loading the tfidf vectorizer and model]
[ 2024-08-03 20:58:22,964  42 COMPONENTS - INFO - Loaded the tfidf vectorizer and model]
[ 2024-08-03 20:58:22,965  43 COMPONENTS - INFO - Applying the tfidf vectorizer on out input text]
[ 2024-08-03 20:58:22,970  47 COMPONENTS - INFO - Applyied the tfidf vectorizer on out input text]
[ 2024-08-03 20:58:22,970  48 COMPONENTS - INFO - Initiating model and making it ready for prediction]
[ 2024-08-03 20:58:22,972  53 COMPONENTS - INFO - prediction Completed. prediction is ['Credit/Prepaid Cards']]
[ 2024-08-03 20:58:22,981  97 werkzeug - INFO - 127.0.0.1 - - [03/Aug/2024 20:58:22] "POST /predict HTTP/1.1" 200 -]
[ 2024-08-03 20:58:26,822  97 werkzeug - INFO - 127.0.0.1 - - [03/Aug/2024 20:58:26] "[32mGET / HTTP/1.1[0m" 302 -]
[ 2024-08-03 20:58:26,827  97 werkzeug - INFO - 127.0.0.1 - - [03/Aug/2024 20:58:26] "GET /predict HTTP/1.1" 200 -]
[ 2024-08-03 20:58:30,552  25 COMPONENTS - INFO - Initiating prediction]
[ 2024-08-03 20:58:30,552  26 COMPONENTS - INFO - Preprocessing the input text]
[ 2024-08-03 20:58:30,552  30 COMPONENTS - INFO - Preprocessed the input text]
[ 2024-08-03 20:58:30,553  31 COMPONENTS - INFO - Loading the tfidf vectorizer and model]
[ 2024-08-03 20:58:30,588  42 COMPONENTS - INFO - Loaded the tfidf vectorizer and model]
[ 2024-08-03 20:58:30,588  43 COMPONENTS - INFO - Applying the tfidf vectorizer on out input text]
[ 2024-08-03 20:58:30,590  47 COMPONENTS - INFO - Applyied the tfidf vectorizer on out input text]
[ 2024-08-03 20:58:30,590  48 COMPONENTS - INFO - Initiating model and making it ready for prediction]
[ 2024-08-03 20:58:30,591  53 COMPONENTS - INFO - prediction Completed. prediction is ['Credit/Prepaid Cards']]
[ 2024-08-03 20:58:30,596  97 werkzeug - INFO - 127.0.0.1 - - [03/Aug/2024 20:58:30] "POST /predict HTTP/1.1" 200 -]
[ 2024-08-03 20:59:11,345  97 werkzeug - INFO -  * Detected change in '/Users/sanketsaxena/Desktop/consumerComplaint/application.py', reloading]
[ 2024-08-03 20:59:11,512  97 werkzeug - INFO -  * Restarting with stat]
[ 2024-08-03 21:00:24,064  97 werkzeug - INFO -  * Restarting with stat]
