[ 2024-08-03 20:59:12,807  97 werkzeug - WARNING -  * Debugger is active!]
[ 2024-08-03 20:59:12,816  97 werkzeug - INFO -  * Debugger PIN: 675-676-195]
[ 2024-08-03 20:59:19,163  25 COMPONENTS - INFO - Initiating prediction]
[ 2024-08-03 20:59:19,164  26 COMPONENTS - INFO - Preprocessing the input text]
[ 2024-08-03 20:59:19,164  30 COMPONENTS - INFO - Preprocessed the input text]
[ 2024-08-03 20:59:19,164  31 COMPONENTS - INFO - Loading the tfidf vectorizer and model]
[ 2024-08-03 20:59:19,211  42 COMPONENTS - INFO - Loaded the tfidf vectorizer and model]
[ 2024-08-03 20:59:19,211  43 COMPONENTS - INFO - Applying the tfidf vectorizer on out input text]
[ 2024-08-03 20:59:19,218  47 COMPONENTS - INFO - Applyied the tfidf vectorizer on out input text]
[ 2024-08-03 20:59:19,218  48 COMPONENTS - INFO - Initiating model and making it ready for prediction]
[ 2024-08-03 20:59:19,221  53 COMPONENTS - INFO - prediction Completed. prediction is ['Credit/Prepaid Cards']]
[ 2024-08-03 20:59:19,235  97 werkzeug - INFO - 127.0.0.1 - - [03/Aug/2024 20:59:19] "POST /predict HTTP/1.1" 200 -]
[ 2024-08-03 20:59:33,092  25 COMPONENTS - INFO - Initiating prediction]
[ 2024-08-03 20:59:33,093  26 COMPONENTS - INFO - Preprocessing the input text]
[ 2024-08-03 20:59:33,093  30 COMPONENTS - INFO - Preprocessed the input text]
[ 2024-08-03 20:59:33,093  31 COMPONENTS - INFO - Loading the tfidf vectorizer and model]
[ 2024-08-03 20:59:33,145  42 COMPONENTS - INFO - Loaded the tfidf vectorizer and model]
[ 2024-08-03 20:59:33,145  43 COMPONENTS - INFO - Applying the tfidf vectorizer on out input text]
[ 2024-08-03 20:59:33,147  47 COMPONENTS - INFO - Applyied the tfidf vectorizer on out input text]
[ 2024-08-03 20:59:33,147  48 COMPONENTS - INFO - Initiating model and making it ready for prediction]
[ 2024-08-03 20:59:33,151  53 COMPONENTS - INFO - prediction Completed. prediction is ['Credit/Prepaid Cards']]
[ 2024-08-03 20:59:33,156  97 werkzeug - INFO - 127.0.0.1 - - [03/Aug/2024 20:59:33] "POST /predict HTTP/1.1" 200 -]
[ 2024-08-03 21:00:23,871  97 werkzeug - INFO -  * Detected change in '/Users/sanketsaxena/Desktop/consumerComplaint/application.py', reloading]
