[ 2024-08-03 21:00:25,297  97 werkzeug - WARNING -  * Debugger is active!]
[ 2024-08-03 21:00:25,305  97 werkzeug - INFO -  * Debugger PIN: 675-676-195]
[ 2024-08-03 21:00:29,899  25 COMPONENTS - INFO - Initiating prediction]
[ 2024-08-03 21:00:29,899  26 COMPONENTS - INFO - Preprocessing the input text]
[ 2024-08-03 21:00:29,900  30 COMPONENTS - INFO - Preprocessed the input text]
[ 2024-08-03 21:00:29,900  31 COMPONENTS - INFO - Loading the tfidf vectorizer and model]
[ 2024-08-03 21:00:29,943  42 COMPONENTS - INFO - Loaded the tfidf vectorizer and model]
[ 2024-08-03 21:00:29,943  43 COMPONENTS - INFO - Applying the tfidf vectorizer on out input text]
[ 2024-08-03 21:00:29,947  47 COMPONENTS - INFO - Applyied the tfidf vectorizer on out input text]
[ 2024-08-03 21:00:29,947  48 COMPONENTS - INFO - Initiating model and making it ready for prediction]
[ 2024-08-03 21:00:29,948  53 COMPONENTS - INFO - prediction Completed. prediction is ['Bank Account Services']]
[ 2024-08-03 21:00:29,956  97 werkzeug - INFO - 127.0.0.1 - - [03/Aug/2024 21:00:29] "POST /predict HTTP/1.1" 200 -]
[ 2024-08-03 21:00:34,176  25 COMPONENTS - INFO - Initiating prediction]
[ 2024-08-03 21:00:34,177  26 COMPONENTS - INFO - Preprocessing the input text]
[ 2024-08-03 21:00:34,177  30 COMPONENTS - INFO - Preprocessed the input text]
[ 2024-08-03 21:00:34,177  31 COMPONENTS - INFO - Loading the tfidf vectorizer and model]
[ 2024-08-03 21:00:34,221  42 COMPONENTS - INFO - Loaded the tfidf vectorizer and model]
[ 2024-08-03 21:00:34,221  43 COMPONENTS - INFO - Applying the tfidf vectorizer on out input text]
[ 2024-08-03 21:00:34,222  47 COMPONENTS - INFO - Applyied the tfidf vectorizer on out input text]
[ 2024-08-03 21:00:34,222  48 COMPONENTS - INFO - Initiating model and making it ready for prediction]
[ 2024-08-03 21:00:34,224  53 COMPONENTS - INFO - prediction Completed. prediction is ['Bank Account Services']]
[ 2024-08-03 21:00:34,229  97 werkzeug - INFO - 127.0.0.1 - - [03/Aug/2024 21:00:34] "POST /predict HTTP/1.1" 200 -]
[ 2024-08-03 21:00:59,423  25 COMPONENTS - INFO - Initiating prediction]
[ 2024-08-03 21:00:59,423  26 COMPONENTS - INFO - Preprocessing the input text]
[ 2024-08-03 21:00:59,424  30 COMPONENTS - INFO - Preprocessed the input text]
[ 2024-08-03 21:00:59,424  31 COMPONENTS - INFO - Loading the tfidf vectorizer and model]
[ 2024-08-03 21:00:59,499  42 COMPONENTS - INFO - Loaded the tfidf vectorizer and model]
[ 2024-08-03 21:00:59,499  43 COMPONENTS - INFO - Applying the tfidf vectorizer on out input text]
[ 2024-08-03 21:00:59,505  47 COMPONENTS - INFO - Applyied the tfidf vectorizer on out input text]
[ 2024-08-03 21:00:59,505  48 COMPONENTS - INFO - Initiating model and making it ready for prediction]
[ 2024-08-03 21:00:59,507  53 COMPONENTS - INFO - prediction Completed. prediction is ['Credit/Prepaid Cards']]
[ 2024-08-03 21:00:59,515  97 werkzeug - INFO - 127.0.0.1 - - [03/Aug/2024 21:00:59] "POST /predict HTTP/1.1" 200 -]
[ 2024-08-03 21:01:17,509  25 COMPONENTS - INFO - Initiating prediction]
[ 2024-08-03 21:01:17,510  26 COMPONENTS - INFO - Preprocessing the input text]
[ 2024-08-03 21:01:17,511  30 COMPONENTS - INFO - Preprocessed the input text]
[ 2024-08-03 21:01:17,511  31 COMPONENTS - INFO - Loading the tfidf vectorizer and model]
[ 2024-08-03 21:01:17,574  42 COMPONENTS - INFO - Loaded the tfidf vectorizer and model]
[ 2024-08-03 21:01:17,574  43 COMPONENTS - INFO - Applying the tfidf vectorizer on out input text]
[ 2024-08-03 21:01:17,583  47 COMPONENTS - INFO - Applyied the tfidf vectorizer on out input text]
[ 2024-08-03 21:01:17,583  48 COMPONENTS - INFO - Initiating model and making it ready for prediction]
[ 2024-08-03 21:01:17,584  53 COMPONENTS - INFO - prediction Completed. prediction is ['Bank Account Services']]
[ 2024-08-03 21:01:17,589  97 werkzeug - INFO - 127.0.0.1 - - [03/Aug/2024 21:01:17] "POST /predict HTTP/1.1" 200 -]
[ 2024-08-03 21:59:14,655  25 COMPONENTS - INFO - Initiating prediction]
[ 2024-08-03 21:59:14,657  26 COMPONENTS - INFO - Preprocessing the input text]
[ 2024-08-03 21:59:14,658  30 COMPONENTS - INFO - Preprocessed the input text]
[ 2024-08-03 21:59:14,658  31 COMPONENTS - INFO - Loading the tfidf vectorizer and model]
[ 2024-08-03 21:59:14,748  42 COMPONENTS - INFO - Loaded the tfidf vectorizer and model]
[ 2024-08-03 21:59:14,748  43 COMPONENTS - INFO - Applying the tfidf vectorizer on out input text]
[ 2024-08-03 21:59:14,781  47 COMPONENTS - INFO - Applyied the tfidf vectorizer on out input text]
[ 2024-08-03 21:59:14,781  48 COMPONENTS - INFO - Initiating model and making it ready for prediction]
[ 2024-08-03 21:59:14,783  53 COMPONENTS - INFO - prediction Completed. prediction is ['Personal Loan']]
[ 2024-08-03 21:59:14,790  97 werkzeug - INFO - 127.0.0.1 - - [03/Aug/2024 21:59:14] "POST /predict HTTP/1.1" 200 -]
[ 2024-08-03 22:11:39,194  25 COMPONENTS - INFO - Initiating prediction]
[ 2024-08-03 22:11:39,196  26 COMPONENTS - INFO - Preprocessing the input text]
[ 2024-08-03 22:11:39,197  30 COMPONENTS - INFO - Preprocessed the input text]
[ 2024-08-03 22:11:39,197  31 COMPONENTS - INFO - Loading the tfidf vectorizer and model]
[ 2024-08-03 22:11:39,265  42 COMPONENTS - INFO - Loaded the tfidf vectorizer and model]
[ 2024-08-03 22:11:39,265  43 COMPONENTS - INFO - Applying the tfidf vectorizer on out input text]
[ 2024-08-03 22:11:39,290  47 COMPONENTS - INFO - Applyied the tfidf vectorizer on out input text]
[ 2024-08-03 22:11:39,290  48 COMPONENTS - INFO - Initiating model and making it ready for prediction]
[ 2024-08-03 22:11:39,292  53 COMPONENTS - INFO - prediction Completed. prediction is ['Student loan']]
[ 2024-08-03 22:11:39,299  97 werkzeug - INFO - 127.0.0.1 - - [03/Aug/2024 22:11:39] "POST /predict HTTP/1.1" 200 -]
[ 2024-08-03 22:11:58,573  25 COMPONENTS - INFO - Initiating prediction]
[ 2024-08-03 22:11:58,574  26 COMPONENTS - INFO - Preprocessing the input text]
[ 2024-08-03 22:11:58,574  30 COMPONENTS - INFO - Preprocessed the input text]
[ 2024-08-03 22:11:58,574  31 COMPONENTS - INFO - Loading the tfidf vectorizer and model]
[ 2024-08-03 22:11:58,641  42 COMPONENTS - INFO - Loaded the tfidf vectorizer and model]
[ 2024-08-03 22:11:58,641  43 COMPONENTS - INFO - Applying the tfidf vectorizer on out input text]
[ 2024-08-03 22:11:58,649  47 COMPONENTS - INFO - Applyied the tfidf vectorizer on out input text]
[ 2024-08-03 22:11:58,649  48 COMPONENTS - INFO - Initiating model and making it ready for prediction]
[ 2024-08-03 22:11:58,651  53 COMPONENTS - INFO - prediction Completed. prediction is ['Personal Loan']]
[ 2024-08-03 22:11:58,660  97 werkzeug - INFO - 127.0.0.1 - - [03/Aug/2024 22:11:58] "POST /predict HTTP/1.1" 200 -]
